[16:34:41] INIT: NARUTO
[16:34:41] Weather Sig Hooked....
[16:34:47] Hooked 1.52 Bypass
[16:34:47] Getting Game State...
[16:34:47] Getting vector3 result fixer func...
[16:34:47] Getting native registration table...
[16:34:47] Getting World Pointer...
[16:34:47] Getting Blip List...
[16:34:47] Getting active script thread...
[16:34:47] Getting World Pointer...
[16:34:47] Getting Event Hook...
[16:34:47] Initializing natives...
[16:34:47] Hooking Naruto Kick
[16:34:47] Checking if GTA V is ready...
[16:34:47] GTA V ready!
[16:34:47] Loading Textures
[16:34:47] Loading Textures
[16:34:47] Loading Textures
[16:34:48] [Hooking] hooked Getlabel
[16:34:48] [Hooking] hooked JoinPattern
[16:42:38] Generated 5000000 Dollars with the Hash 0x69
[16:45:08] Generated 5000000 Dollars with the Hash 0x85
[16:56:14] Generated 5000000 Dollars with the Hash 0x146
[16:56:14] Generated 5000000 Dollars with the Hash 0x147
